0 info it worked if it ends with ok
1 verbose cli [
1 verbose cli   'C:\\Program Files\\nodejs\\node.exe',
1 verbose cli   'C:\\Users\\User\\AppData\\Roaming\\npm\\node_modules\\npm\\bin\\npm-cli.js',
1 verbose cli   'start'
1 verbose cli ]
2 info using npm@3.10.10
3 info using node@v14.2.0
4 verbose run-script [ 'prestart', 'start', 'poststart' ]
5 info lifecycle orinoco-backend@1.0.0~prestart: orinoco-backend@1.0.0
6 silly lifecycle orinoco-backend@1.0.0~prestart: no script for prestart, continuing
7 info lifecycle orinoco-backend@1.0.0~start: orinoco-backend@1.0.0
8 verbose lifecycle orinoco-backend@1.0.0~start: unsafe-perm in lifecycle true
9 verbose lifecycle orinoco-backend@1.0.0~start: PATH: C:\Users\User\AppData\Roaming\npm\node_modules\npm\bin\node-gyp-bin;C:\Users\User\Desktop\p5\projet5\node_modules\.bin;C:\Python38\Scripts\;C:\Python38\;C:\WINDOWS\system32;C:\WINDOWS;C:\WINDOWS\System32\Wbem;C:\WINDOWS\System32\WindowsPowerShell\v1.0\;C:\WINDOWS\System32\OpenSSH\;C:\Program Files\dotnet\;C:\Program Files\Microsoft SQL Server\130\Tools\Binn\;C:\Program Files\Microsoft SQL Server\Client SDK\ODBC\170\Tools\Binn\;C:\Program Files\Git\cmd;C:\ProgramData\chocolatey\bin;C:\Program Files\nodejs\;C:\Users\User\.windows-build-tools\python27\;C:\Users\User\.windows-build-tools\python27\;C:\Users\User\.windows-build-tools\python27\;C:\Users\User\.windows-build-tools\python27\;C:\Users\User\.windows-build-tools\python27\;C:\Users\User\.windows-build-tools\python27\;C:\Users\User\.windows-build-tools\python27\;C:\Users\User\.windows-build-tools\python27\;C:\Users\User\AppData\Local\Microsoft\WindowsApps;C:\Users\User\AppData\Local\Programs\Microsoft VS Code\bin;C:\Users\User\AppData\Roaming\npm
10 verbose lifecycle orinoco-backend@1.0.0~start: CWD: C:\Users\User\Desktop\p5\projet5
11 silly lifecycle orinoco-backend@1.0.0~start: Args: [ '/d /s /c', 'node server.js' ]
12 verbose stack Error: kill ENOSYS
12 verbose stack     at process.kill (internal/process/per_thread.js:198:13)
12 verbose stack     at process.listener (C:\Users\User\AppData\Roaming\npm\node_modules\npm\node_modules\npmlog\node_modules\gauge\node_modules\signal-exit\index.js:86:15)
12 verbose stack     at process.emit (events.js:327:22)
13 verbose cwd C:\Users\User\Desktop\p5\projet5
14 error Windows_NT 10.0.18362
15 error argv "C:\\Program Files\\nodejs\\node.exe" "C:\\Users\\User\\AppData\\Roaming\\npm\\node_modules\\npm\\bin\\npm-cli.js" "start"
16 error node v14.2.0
17 error npm  v3.10.10
18 error code ENOSYS
19 error errno -4054
20 error syscall kill
21 error kill ENOSYS
22 error If you need help, you may report this error at:
22 error     <https://github.com/npm/npm/issues>
23 verbose exit [ -4054, true ]
